<?xml version="1.0" encoding="UTF-8"?>
<!-- Generated by org.testng.reporters.JUnitXMLReporter -->
<testsuite hostname="DESKTOP-FOK1G80" name="Default test" tests="9" failures="0" timestamp="9 Nov 2020 04:12:23 GMT" time="154.253" errors="0">
  <testcase name="TC01" time="0.839" classname="com.pregopower.provider.testcases.BlogsTestcase"/>
  <testcase name="TC04" time="8.507" classname="com.pregopower.provider.testcases.BlogsTestcase"/>
  <testcase name="TC02" time="20.447" classname="com.pregopower.provider.testcases.BlogsTestcase"/>
  <testcase name="TC03" time="11.987" classname="com.pregopower.provider.testcases.BlogsTestcase"/>
  <testcase name="TC05" time="2.766" classname="com.pregopower.provider.testcases.BlogsTestcase"/>
  <testcase name="TC06" time="19.911" classname="com.pregopower.provider.testcases.BlogsTestcase"/>
  <testcase name="TC07" time="11.616" classname="com.pregopower.provider.testcases.BlogsTestcase"/>
  <testcase name="TC08" time="26.276" classname="com.pregopower.provider.testcases.BlogsTestcase"/>
  <testcase name="TC09" time="16.569" classname="com.pregopower.provider.testcases.BlogsTestcase"/>
</testsuite> <!-- Default test -->
