<?xml version="1.0" encoding="UTF-8"?>
<testng-results skipped="0" failed="0" total="9" passed="9">
  <reporter-output>
  </reporter-output>
  <suite name="Default suite" duration-ms="154253" started-at="2020-11-09T04:09:48Z" finished-at="2020-11-09T04:12:23Z">
    <groups>
    </groups>
    <test name="Default test" duration-ms="154253" started-at="2020-11-09T04:09:48Z" finished-at="2020-11-09T04:12:23Z">
      <class name="com.pregopower.provider.testcases.BlogsTestcase">
        <test-method status="PASS" signature="setup()[pri:0, instance:com.pregopower.provider.testcases.BlogsTestcase@4dfa3a9d]" name="setup" is-config="true" duration-ms="35148" started-at="2020-11-09T09:39:48Z" finished-at="2020-11-09T09:40:24Z">
          <reporter-output>
          </reporter-output>
        </test-method> <!-- setup -->
        <test-method status="PASS" signature="TC01()[pri:0, instance:com.pregopower.provider.testcases.BlogsTestcase@4dfa3a9d]" name="TC01" duration-ms="839" started-at="2020-11-09T09:40:24Z" finished-at="2020-11-09T09:40:24Z">
          <reporter-output>
          </reporter-output>
        </test-method> <!-- TC01 -->
        <test-method status="PASS" signature="TC04()[pri:1, instance:com.pregopower.provider.testcases.BlogsTestcase@4dfa3a9d]" name="TC04" duration-ms="8507" started-at="2020-11-09T09:40:24Z" finished-at="2020-11-09T09:40:33Z">
          <reporter-output>
          </reporter-output>
        </test-method> <!-- TC04 -->
        <test-method status="PASS" signature="TC02()[pri:2, instance:com.pregopower.provider.testcases.BlogsTestcase@4dfa3a9d]" name="TC02" duration-ms="20447" started-at="2020-11-09T09:40:33Z" finished-at="2020-11-09T09:40:53Z">
          <reporter-output>
          </reporter-output>
        </test-method> <!-- TC02 -->
        <test-method status="PASS" signature="TC03()[pri:3, instance:com.pregopower.provider.testcases.BlogsTestcase@4dfa3a9d]" name="TC03" duration-ms="11987" started-at="2020-11-09T09:40:53Z" finished-at="2020-11-09T09:41:05Z">
          <reporter-output>
          </reporter-output>
        </test-method> <!-- TC03 -->
        <test-method status="PASS" signature="TC05()[pri:5, instance:com.pregopower.provider.testcases.BlogsTestcase@4dfa3a9d]" name="TC05" duration-ms="2766" started-at="2020-11-09T09:41:05Z" finished-at="2020-11-09T09:41:08Z">
          <reporter-output>
          </reporter-output>
        </test-method> <!-- TC05 -->
        <test-method status="PASS" signature="TC06()[pri:6, instance:com.pregopower.provider.testcases.BlogsTestcase@4dfa3a9d]" name="TC06" duration-ms="19911" started-at="2020-11-09T09:41:08Z" finished-at="2020-11-09T09:41:28Z">
          <reporter-output>
          </reporter-output>
        </test-method> <!-- TC06 -->
        <test-method status="PASS" signature="TC07()[pri:7, instance:com.pregopower.provider.testcases.BlogsTestcase@4dfa3a9d]" name="TC07" duration-ms="11616" started-at="2020-11-09T09:41:28Z" finished-at="2020-11-09T09:41:40Z">
          <reporter-output>
          </reporter-output>
        </test-method> <!-- TC07 -->
        <test-method status="PASS" signature="TC08()[pri:8, instance:com.pregopower.provider.testcases.BlogsTestcase@4dfa3a9d]" name="TC08" duration-ms="26276" started-at="2020-11-09T09:41:40Z" finished-at="2020-11-09T09:42:06Z">
          <reporter-output>
          </reporter-output>
        </test-method> <!-- TC08 -->
        <test-method status="PASS" signature="TC09(java.lang.String, java.lang.String)[pri:9, instance:com.pregopower.provider.testcases.BlogsTestcase@4dfa3a9d]" name="TC09" duration-ms="16569" started-at="2020-11-09T09:42:06Z" data-provider="getdata" finished-at="2020-11-09T09:42:23Z">
          <params>
            <param index="0">
              <value>
                <![CDATA[amit7@yopmail.com]]>
              </value>
            </param>
            <param index="1">
              <value>
                <![CDATA[1234]]>
              </value>
            </param>
          </params>
          <reporter-output>
          </reporter-output>
        </test-method> <!-- TC09 -->
      </class> <!-- com.pregopower.provider.testcases.BlogsTestcase -->
    </test> <!-- Default test -->
  </suite> <!-- Default suite -->
</testng-results>
